13:30:42.703 - INFO - === TURBO MEMO CLEANUP STARTED ===
13:30:42.713 - INFO - Request to files/list_folder
13:30:44.919 - INFO - Scanned 500 entries...
13:30:44.922 - INFO - Scanned 1000 entries...
13:30:44.924 - INFO - Scanned 1500 entries...
13:30:45.927 - INFO - Request to files/list_folder/continue
13:30:48.938 - INFO - Scanned 2000 entries...
13:30:48.941 - INFO - Scanned 2500 entries...
13:30:48.944 - INFO - Scanned 3000 entries...
13:30:48.946 - INFO - Scanned 3500 entries...
13:30:49.949 - INFO - Request to files/list_folder/continue
13:30:51.629 - INFO - Scanned 4000 entries...
13:30:51.631 - INFO - Scanned 4500 entries...
13:30:51.634 - INFO - Scanned 5000 entries...
13:30:51.637 - INFO - Scanned 5500 entries...
13:30:52.639 - INFO - Request to files/list_folder/continue
13:30:54.241 - INFO - Scanned 6000 entries...
13:30:54.243 - INFO - Scanned 6500 entries...
13:30:54.245 - INFO - Scanned 7000 entries...
13:30:54.248 - INFO - Scanned 7500 entries...
13:30:55.250 - INFO - Request to files/list_folder/continue
13:30:57.841 - INFO - Scanned 8000 entries...
13:30:57.843 - INFO - Scanned 8500 entries...
13:30:57.845 - INFO - Scanned 9000 entries...
13:30:57.848 - INFO - Scanned 9500 entries...
13:30:58.850 - INFO - Request to files/list_folder/continue
13:31:01.539 - INFO - Scanned 10000 entries...
13:31:01.542 - INFO - Scanned 10500 entries...
13:31:01.544 - INFO - Scanned 11000 entries...
13:31:01.547 - INFO - Scanned 11500 entries...
13:31:02.549 - INFO - Request to files/list_folder/continue
13:31:04.397 - INFO - Scanned 12000 entries...
13:31:04.400 - INFO - Scanned 12500 entries...
13:31:04.403 - INFO - Scanned 13000 entries...
13:31:04.405 - INFO - Scanned 13500 entries...
13:31:05.417 - INFO - Request to files/list_folder/continue
13:31:08.108 - INFO - Scanned 14000 entries...
13:31:08.110 - INFO - Scanned 14500 entries...
13:31:08.112 - INFO - Scanned 15000 entries...
13:31:08.115 - INFO - Scanned 15500 entries...
13:31:09.119 - INFO - Request to files/list_folder/continue
13:31:12.081 - INFO - Scanned 16000 entries...
13:31:12.084 - INFO - Scanned 16500 entries...
13:31:12.086 - INFO - Scanned 17000 entries...
13:31:12.090 - INFO - Scanned 17500 entries...
13:31:13.097 - INFO - Request to files/list_folder/continue
13:31:14.903 - INFO - Scanned 18000 entries...
13:31:14.906 - INFO - Scanned 18500 entries...
13:31:14.908 - INFO - Scanned 19000 entries...
13:31:14.911 - INFO - Scanned 19500 entries...
13:31:15.914 - INFO - Request to files/list_folder/continue
13:31:17.821 - INFO - Scanned 20000 entries...
13:31:17.824 - INFO - Scanned 20500 entries...
13:31:17.826 - INFO - Scanned 21000 entries...
13:31:17.829 - INFO - Scanned 21500 entries...
13:31:18.832 - INFO - Request to files/list_folder/continue
13:31:20.889 - INFO - Scanned 22000 entries...
13:31:20.892 - INFO - Scanned 22500 entries...
13:31:21.895 - INFO - Request to files/list_folder/continue
13:31:24.032 - INFO - Request to files/list_folder/continue
13:31:25.725 - INFO - Scanned 23000 entries...
13:31:26.729 - INFO - Request to files/list_folder/continue
13:31:27.873 - INFO - Scanned 23500 entries...
13:31:27.875 - INFO - Scanned 24000 entries...
13:31:27.877 - INFO - Scanned 24500 entries...
13:31:28.878 - INFO - Request to files/list_folder/continue
13:31:29.905 - INFO - Scanned 25000 entries...
13:31:30.907 - INFO - Request to files/list_folder/continue
13:31:31.423 - INFO - Scanned 25500 entries...
13:31:32.426 - INFO - Request to files/list_folder/continue
13:31:33.124 - INFO - Scanned 26000 entries...
13:31:34.126 - INFO - Request to files/list_folder/continue
13:31:34.993 - INFO - Scanned 26500 entries...
13:31:35.996 - INFO - Request to files/list_folder/continue
13:31:37.445 - INFO - Scanned 27000 entries...
13:31:37.447 - INFO - Scanned 27500 entries...
13:31:37.450 - INFO - Scanned 28000 entries...
13:31:38.454 - INFO - Request to files/list_folder/continue
13:31:40.108 - INFO - Scanned 28500 entries...
13:31:40.110 - INFO - Scanned 29000 entries...
13:31:40.113 - INFO - Scanned 29500 entries...
13:31:41.118 - INFO - Request to files/list_folder/continue
13:31:41.945 - INFO - Scanned 30000 entries...
13:31:41.949 - INFO - Scanned 30500 entries...
13:31:42.953 - INFO - Request to files/list_folder/continue
13:31:44.362 - INFO - Request to files/list_folder/continue
13:31:46.408 - INFO - Scanned 31000 entries...
13:31:46.410 - INFO - Scanned 31500 entries...
13:31:47.413 - INFO - Request to files/list_folder/continue
13:31:48.278 - INFO - Scanned 32000 entries...
13:31:49.282 - INFO - Request to files/list_folder/continue
13:31:50.020 - INFO - Scanned 32500 entries...
13:31:51.023 - INFO - Request to files/list_folder/continue
13:31:52.326 - INFO - Scanned 33000 entries...
13:31:52.329 - INFO - Scanned 33500 entries...
13:31:52.332 - INFO - Scanned 34000 entries...
13:31:53.335 - INFO - Request to files/list_folder/continue
13:31:54.681 - INFO - Request to files/list_folder/continue
13:31:55.797 - INFO - Scanned 34500 entries...
13:31:55.799 - INFO - Scanned 35000 entries...
13:31:56.801 - INFO - Request to files/list_folder/continue
13:31:58.029 - INFO - Scanned 35500 entries...
13:31:58.032 - INFO - Scanned 36000 entries...
13:31:59.035 - INFO - Request to files/list_folder/continue
13:32:00.355 - INFO - Scanned 36500 entries...
13:32:00.358 - INFO - Scanned 37000 entries...
13:32:01.360 - INFO - Request to files/list_folder/continue
13:32:02.846 - INFO - Scanned 37500 entries...
13:32:02.849 - INFO - Scanned 38000 entries...
13:32:02.852 - INFO - Scanned 38500 entries...
13:32:03.855 - INFO - Request to files/list_folder/continue
13:32:05.057 - INFO - Scanned 39000 entries...
13:32:05.060 - INFO - Scanned 39500 entries...
13:32:05.062 - INFO - Scanned 40000 entries...
13:32:06.064 - INFO - Request to files/list_folder/continue
13:32:07.789 - INFO - Scanned 40500 entries...
13:32:07.792 - INFO - Scanned 41000 entries...
13:32:07.795 - INFO - Scanned 41500 entries...
13:32:07.797 - INFO - Scanned 42000 entries...
13:32:08.799 - INFO - Request to files/list_folder/continue
13:32:10.852 - INFO - Scanned 42500 entries...
13:32:10.855 - INFO - Scanned 43000 entries...
13:32:10.857 - INFO - Scanned 43500 entries...
13:32:11.866 - INFO - Request to files/list_folder/continue
13:32:14.031 - INFO - Scanned 44000 entries...
13:32:14.035 - INFO - Scanned 44500 entries...
13:32:14.037 - INFO - Scanned 45000 entries...
13:32:14.040 - INFO - Scanned 45500 entries...
13:32:15.053 - INFO - Request to files/list_folder/continue
13:32:16.884 - INFO - Scanned 46000 entries...
13:32:16.887 - INFO - Scanned 46500 entries...
13:32:16.890 - INFO - Scanned 47000 entries...
13:32:16.892 - INFO - Scanned 47500 entries...
13:32:17.896 - INFO - Request to files/list_folder/continue
13:32:19.993 - INFO - Scanned 48000 entries...
13:32:19.996 - INFO - Scanned 48500 entries...
13:32:19.998 - INFO - Scanned 49000 entries...
13:32:20.001 - INFO - Scanned 49500 entries...
13:32:21.004 - INFO - Request to files/list_folder/continue
13:32:22.719 - INFO - Scanned 50000 entries...
13:32:22.721 - INFO - Scanned 50500 entries...
13:32:22.724 - INFO - Scanned 51000 entries...
13:32:22.727 - INFO - Scanned 51500 entries...
13:32:23.729 - INFO - Request to files/list_folder/continue
13:32:25.099 - INFO - Scanned 52000 entries...
13:32:25.101 - INFO - Scanned 52500 entries...
13:32:25.105 - INFO - Scanned 53000 entries...
13:32:26.108 - INFO - Request to files/list_folder/continue
13:32:27.782 - INFO - Scanned 53500 entries...
13:32:27.786 - INFO - Scanned 54000 entries...
13:32:27.789 - INFO - Scanned 54500 entries...
13:32:27.792 - INFO - Scanned 55000 entries...
13:32:28.794 - INFO - Request to files/list_folder/continue
13:32:30.333 - INFO - Scanned 55500 entries...
13:32:30.336 - INFO - Scanned 56000 entries...
13:32:30.339 - INFO - Scanned 56500 entries...
13:32:31.342 - INFO - Request to files/list_folder/continue
13:32:33.108 - INFO - Scanned 57000 entries...
13:32:33.110 - INFO - Scanned 57500 entries...
13:32:33.112 - INFO - Scanned 58000 entries...
13:32:33.114 - INFO - Scanned 58500 entries...
13:32:34.116 - INFO - Request to files/list_folder/continue
13:32:36.327 - INFO - Scanned 59000 entries...
13:32:36.332 - INFO - Scanned 59500 entries...
13:32:36.335 - INFO - Scanned 60000 entries...
13:32:36.339 - INFO - Scanned 60500 entries...
13:32:37.342 - INFO - Request to files/list_folder/continue
13:32:39.088 - INFO - Scanned 61000 entries...
13:32:39.090 - INFO - Scanned 61500 entries...
13:32:39.093 - INFO - Scanned 62000 entries...
13:32:39.095 - INFO - Scanned 62500 entries...
13:32:40.097 - INFO - Request to files/list_folder/continue
13:32:42.221 - INFO - Scanned 63000 entries...
13:32:42.224 - INFO - Scanned 63500 entries...
13:32:42.226 - INFO - Scanned 64000 entries...
13:32:42.230 - INFO - Scanned 64500 entries...
13:32:43.232 - INFO - Request to files/list_folder/continue
13:32:44.893 - INFO - Scanned 65000 entries...
13:32:44.896 - INFO - Scanned 65500 entries...
13:32:44.899 - INFO - Scanned 66000 entries...
13:32:45.908 - INFO - Request to files/list_folder/continue
13:32:47.508 - INFO - Scanned 66500 entries...
13:32:47.511 - INFO - Scanned 67000 entries...
13:32:47.514 - INFO - Scanned 67500 entries...
13:32:47.516 - INFO - Scanned 68000 entries...
13:32:48.520 - INFO - Request to files/list_folder/continue
13:32:50.258 - INFO - Scanned 68500 entries...
13:32:50.260 - INFO - Scanned 69000 entries...
13:32:50.263 - INFO - Scanned 69500 entries...
13:32:51.267 - INFO - Request to files/list_folder/continue
13:32:52.513 - INFO - Scanned 70000 entries...
13:32:52.517 - INFO - Scanned 70500 entries...
13:32:52.520 - INFO - Scanned 71000 entries...
13:32:53.522 - INFO - Request to files/list_folder/continue
13:32:55.119 - INFO - Request to files/list_folder/continue
13:32:55.940 - INFO - Scanned 71500 entries...
13:32:55.942 - INFO - Scanned 72000 entries...
13:32:56.945 - INFO - Request to files/list_folder/continue
13:32:58.151 - INFO - Scanned 72500 entries...
13:32:58.153 - INFO - Scanned 73000 entries...
13:32:59.156 - INFO - Request to files/list_folder/continue
13:33:00.481 - INFO - Request to files/list_folder/continue
13:33:00.875 - INFO - Scan completed: 73263 entries processed
13:33:00.876 - INFO - Completed in 138.16 seconds
